<?xml version="1.0" encoding="UTF-8"?>
<testsuites name="jest tests" tests="2" failures="0" errors="0" time="1.698">
  <testsuite name="__tests__/sum.test.ts" errors="0" failures="0" skipped="0" timestamp="2024-04-01T07:04:56" time="0.778" tests="2">
    <testcase classname="-adds 2 + 2 to equal 4" name="-adds 2 + 2 to equal 4" time="0.004">
    </testcase>
    <testcase classname="-adds 2 + 3 to equal 5" name="-adds 2 + 3 to equal 5" time="0.001">
    </testcase>
  </testsuite>
</testsuites>